<?xml version="1.0" encoding="UTF-8"?>
<!-- Generated by org.testng.reporters.JUnitXMLReporter -->
<testsuite ignored="0" hostname="soumik" failures="0" tests="3" name="SeleniumTesting" time="1.354" errors="0" timestamp="24 Dec 2022 16:53:48 GMT">
  <testcase classname="TestSuites.TestCases" name="@BeforeTest invokeBrowser" time="1.321">
    <failure type="org.openqa.selenium.SessionNotCreatedException" message="session not created: This version of ChromeDriver only supports Chrome version 102
Current browser version is 108.0.5359.125 with binary path C:\Program Files\Google\Chrome\Application\chrome.exe
Build info: version: &amp;apos;3.141.59&amp;apos;, revision: &amp;apos;e82be7d358&amp;apos;, time: &amp;apos;2018-11-14T08:17:03&amp;apos;
System info: host: &amp;apos;SOUMIK&amp;apos;, ip: &amp;apos;192.168.29.25&amp;apos;, os.name: &amp;apos;Windows 11&amp;apos;, os.arch: &amp;apos;amd64&amp;apos;, os.version: &amp;apos;10.0&amp;apos;, java.version: &amp;apos;17.0.2&amp;apos;
Driver info: driver.version: ChromeDriver
remote stacktrace: Backtrace:
	Ordinal0 [0x0026D953+2414931]
	Ordinal0 [0x001FF5E1+1963489]
	Ordinal0 [0x000EC6B8+837304]
	Ordinal0 [0x0010CAE3+969443]
	Ordinal0 [0x001086FA+952058]
	Ordinal0 [0x00105FB1+942001]
	Ordinal0 [0x00139100+1151232]
	Ordinal0 [0x00138D5A+1150298]
	Ordinal0 [0x001342B6+1131190]
	Ordinal0 [0x0010E860+976992]
	Ordinal0 [0x0010F756+980822]
	GetHandleVerifier [0x004DCC62+2510274]
	GetHandleVerifier [0x004CF760+2455744]
	GetHandleVerifier [0x002FEABA+551962]
	GetHandleVerifier [0x002FD916+547446]
	Ordinal0 [0x00205F3B+1990459]
	Ordinal0 [0x0020A898+2009240]
	Ordinal0 [0x0020A985+2009477]
	Ordinal0 [0x00213AD1+2046673]
	BaseThreadInitThunk [0x75B17D69+25]
	RtlInitializeExceptionChain [0x770FBB9B+107]
	RtlClearBits [0x770FBB1F+191]
	(No symbol) [0x00000000]
">
      <![CDATA[org.openqa.selenium.SessionNotCreatedException: session not created: This version of ChromeDriver only supports Chrome version 102
Current browser version is 108.0.5359.125 with binary path C:\Program Files\Google\Chrome\Application\chrome.exe
Build info: version: '3.141.59', revision: 'e82be7d358', time: '2018-11-14T08:17:03'
System info: host: 'SOUMIK', ip: '192.168.29.25', os.name: 'Windows 11', os.arch: 'amd64', os.version: '10.0', java.version: '17.0.2'
Driver info: driver.version: ChromeDriver
remote stacktrace: Backtrace:
Ordinal0 [0x0026D953+2414931]
Ordinal0 [0x001FF5E1+1963489]
Ordinal0 [0x000EC6B8+837304]
Ordinal0 [0x0010CAE3+969443]
Ordinal0 [0x001086FA+952058]
Ordinal0 [0x00105FB1+942001]
Ordinal0 [0x00139100+1151232]
Ordinal0 [0x00138D5A+1150298]
Ordinal0 [0x001342B6+1131190]
Ordinal0 [0x0010E860+976992]
Ordinal0 [0x0010F756+980822]
GetHandleVerifier [0x004DCC62+2510274]
GetHandleVerifier [0x004CF760+2455744]
GetHandleVerifier [0x002FEABA+551962]
GetHandleVerifier [0x002FD916+547446]
Ordinal0 [0x00205F3B+1990459]
Ordinal0 [0x0020A898+2009240]
Ordinal0 [0x0020A985+2009477]
Ordinal0 [0x00213AD1+2046673]
BaseThreadInitThunk [0x75B17D69+25]
RtlInitializeExceptionChain [0x770FBB9B+107]
RtlClearBits [0x770FBB1F+191]
(No symbol) [0x00000000]

at org.openqa.selenium.remote.W3CHandshakeResponse.lambda$errorHandler$0(W3CHandshakeResponse.java:62)
at org.openqa.selenium.remote.HandshakeResponse.lambda$getResponseFunction$0(HandshakeResponse.java:30)
at org.openqa.selenium.remote.ProtocolHandshake.lambda$createSession$0(ProtocolHandshake.java:126)
at java.base/java.util.stream.ReferencePipeline$3$1.accept(ReferencePipeline.java:197)
at java.base/java.util.Spliterators$ArraySpliterator.tryAdvance(Spliterators.java:1002)
at java.base/java.util.stream.ReferencePipeline.forEachWithCancel(ReferencePipeline.java:129)
at java.base/java.util.stream.AbstractPipeline.copyIntoWithCancel(AbstractPipeline.java:527)
at java.base/java.util.stream.AbstractPipeline.copyInto(AbstractPipeline.java:513)
at java.base/java.util.stream.AbstractPipeline.wrapAndCopyInto(AbstractPipeline.java:499)
at java.base/java.util.stream.FindOps$FindOp.evaluateSequential(FindOps.java:150)
at java.base/java.util.stream.AbstractPipeline.evaluate(AbstractPipeline.java:234)
at java.base/java.util.stream.ReferencePipeline.findFirst(ReferencePipeline.java:647)
at org.openqa.selenium.remote.ProtocolHandshake.createSession(ProtocolHandshake.java:128)
at org.openqa.selenium.remote.ProtocolHandshake.createSession(ProtocolHandshake.java:74)
at org.openqa.selenium.remote.HttpCommandExecutor.execute(HttpCommandExecutor.java:136)
at org.openqa.selenium.remote.service.DriverCommandExecutor.execute(DriverCommandExecutor.java:83)
at org.openqa.selenium.remote.RemoteWebDriver.execute(RemoteWebDriver.java:552)
at org.openqa.selenium.remote.RemoteWebDriver.startSession(RemoteWebDriver.java:213)
at org.openqa.selenium.remote.RemoteWebDriver.<init>(RemoteWebDriver.java:131)
at org.openqa.selenium.chrome.ChromeDriver.<init>(ChromeDriver.java:181)
at org.openqa.selenium.chrome.ChromeDriver.<init>(ChromeDriver.java:168)
at org.openqa.selenium.chrome.ChromeDriver.<init>(ChromeDriver.java:123)
at Base.Base.invokeBrowser(Base.java:51)
at TestSuites.TestCases.invokeBrowser(TestCases.java:24)
... Removed 29 stack frames]]>
    </failure>
  </testcase> <!-- @BeforeTest invokeBrowser -->
  <testcase classname="TestSuites.TestCases" name="@AfterTest closeBrowser" time="0.0">
    <skipped/>
  </testcase> <!-- @AfterTest closeBrowser -->
  <testcase classname="TestSuites.TestCases" name="hospitalNames" time="0.0">
    <skipped/>
  </testcase> <!-- hospitalNames -->
  <testcase classname="TestSuites.TestCases" name="TopCities" time="0.0">
    <skipped/>
  </testcase> <!-- TopCities -->
  <testcase classname="TestSuites.TestCases" name="CaptureAlert" time="0.0">
    <skipped/>
  </testcase> <!-- CaptureAlert -->
</testsuite> <!-- SeleniumTesting -->
